kotlin version: 2.1.0
error message: java.lang.OutOfMemoryError: GC overhead limit exceeded
	at java.base/java.util.zip.InflaterInputStream.<init>(InflaterInputStream.java:89)
	at jdk.zipfs/jdk.nio.zipfs.ZipFileSystem$2.<init>(ZipFileSystem.java:2252)
	at jdk.zipfs/jdk.nio.zipfs.ZipFileSystem.getInputStream(ZipFileSystem.java:2252)
	at jdk.zipfs/jdk.nio.zipfs.ZipFileSystem.newByteChannel(ZipFileSystem.java:975)
	at jdk.zipfs/jdk.nio.zipfs.ZipPath.newByteChannel(ZipPath.java:864)
	at jdk.zipfs/jdk.nio.zipfs.ZipFileSystemProvider.newByteChannel(ZipFileSystemProvider.java:238)
	at java.base/java.nio.file.Files.newByteChannel(Files.java:380)
	at java.base/java.nio.file.Files.newByteChannel(Files.java:432)
	at java.base/java.nio.file.Files.readAllBytes(Files.java:3289)
	at org.jetbrains.kotlin.konan.file.File.readBytes(File.kt:138)
	at org.jetbrains.kotlin.library.impl.MetadataLibraryImpl$packageMetadata$1.invoke(KotlinLibraryImpl.kt:67)
	at org.jetbrains.kotlin.library.impl.MetadataLibraryImpl$packageMetadata$1.invoke(KotlinLibraryImpl.kt:66)
	at org.jetbrains.kotlin.library.impl.BaseLibraryAccess$inPlace$1.invoke(KotlinLibraryLayoutImpl.kt:68)
	at org.jetbrains.kotlin.library.impl.BaseLibraryAccess$inPlace$1.invoke(KotlinLibraryLayoutImpl.kt:67)
	at org.jetbrains.kotlin.konan.file.ZipFileSystemCacheableAccessor.withZipFileSystem(ZipFileSystemAccessor.kt:36)
	at org.jetbrains.kotlin.cli.js.DisposableZipFileSystemAccessor.withZipFileSystem(K2JSCompiler.kt)
	at org.jetbrains.kotlin.library.impl.BaseLibraryAccess.inPlace(KotlinLibraryLayoutImpl.kt:67)
	at org.jetbrains.kotlin.library.impl.MetadataLibraryImpl.packageMetadata(KotlinLibraryImpl.kt:66)
	at org.jetbrains.kotlin.library.impl.KotlinLibraryImpl.packageMetadata(KotlinLibraryImpl.kt)
	at org.jetbrains.kotlin.library.metadata.SimplePackageAccessHandler.loadPackageFragment(KlibMetadataDeserializationUtils.kt:37)
	at org.jetbrains.kotlin.library.metadata.KlibMetadataDeserializedPackageFragment.ensureStorage(KlibMetadataPackageFragment.kt:44)
	at org.jetbrains.kotlin.library.metadata.KlibMetadataDeserializedPackageFragment.getProtoForNames(KlibMetadataPackageFragment.kt:37)
	at org.jetbrains.kotlin.library.metadata.KlibMetadataPackageFragment.loadClassNames(KlibMetadataPackageFragment.kt:136)
	at org.jetbrains.kotlin.library.metadata.KlibMetadataPackageFragment._memberScope_delegate$lambda$3$lambda$2(KlibMetadataPackageFragment.kt:120)
	at org.jetbrains.kotlin.library.metadata.KlibMetadataPackageFragment$$Lambda$644/0x000000080129af30.invoke(Unknown Source)
	at org.jetbrains.kotlin.serialization.deserialization.descriptors.DeserializedMemberScope.classNames_delegate$lambda$0(DeserializedMemberScope.kt:51)
	at org.jetbrains.kotlin.serialization.deserialization.descriptors.DeserializedMemberScope$$Lambda$652/0x000000080129e4a8.invoke(Unknown Source)
	at org.jetbrains.kotlin.storage.LockBasedStorageManager$LockBasedLazyValue.invoke(LockBasedStorageManager.java:408)
	at org.jetbrains.kotlin.storage.LockBasedStorageManager$LockBasedNotNullLazyValue.invoke(LockBasedStorageManager.java:527)
	at org.jetbrains.kotlin.storage.StorageKt.getValue(storage.kt:42)
	at org.jetbrains.kotlin.serialization.deserialization.descriptors.DeserializedMemberScope.getClassNames$deserialization(DeserializedMemberScope.kt:51)
	at org.jetbrains.kotlin.serialization.deserialization.descriptors.DeserializedMemberScope.hasClass(DeserializedMemberScope.kt:147)


